<?xml version="1.0" encoding="UTF-8"?>
<!-- Generated by org.testng.reporters.JUnitReportReporter -->
<testsuite hostname="Huba-PC" name="tests.AddVideoSeparateMethodsTest" tests="6" failures="0" timestamp="21 Sep 2014 17:45:47 GMT" time="28.272" errors="1">
  <testcase name="redirectToWikiaMain" time="9.263" classname="tests.AddVideoSeparateMethodsTest"/>
  <testcase name="clickFlashMessage" time="7.547" classname="tests.AddVideoSeparateMethodsTest"/>
  <testcase name="addVideo" time="6.767" classname="tests.AddVideoSeparateMethodsTest">
    <error type="java.lang.AssertionError" message="

Wrong flashmessage displayed! 
Video page File:Morze was successfully added.
instead of:
Video page File:Morze succesfully added. expected [Video page File:Morze succesfully added.] but found [Video page File:Morze was successfully added.]">
      <![CDATA[java.lang.AssertionError: 

Wrong flashmessage displayed! 
Video page File:Morze was successfully added.
instead of:
Video page File:Morze succesfully added. expected [Video page File:Morze succesfully added.] but found [Video page File:Morze was successfully added.]
	at org.testng.Assert.fail(Assert.java:94)
	at org.testng.Assert.failNotEquals(Assert.java:494)
	at org.testng.Assert.assertEquals(Assert.java:123)
	at org.testng.Assert.assertEquals(Assert.java:176)
	at tests.AddVideoSeparateMethodsTest.addVideo(AddVideoSeparateMethodsTest.java:80)
	at sun.reflect.NativeMethodAccessorImpl.invoke0(Native Method)
	at sun.reflect.NativeMethodAccessorImpl.invoke(Unknown Source)
	at sun.reflect.DelegatingMethodAccessorImpl.invoke(Unknown Source)
	at java.lang.reflect.Method.invoke(Unknown Source)
	at org.testng.internal.MethodInvocationHelper.invokeMethod(MethodInvocationHelper.java:84)
	at org.testng.internal.Invoker.invokeMethod(Invoker.java:714)
	at org.testng.internal.Invoker.invokeTestMethod(Invoker.java:901)
	at org.testng.internal.Invoker.invokeTestMethods(Invoker.java:1231)
	at org.testng.internal.TestMethodWorker.invokeTestMethods(TestMethodWorker.java:127)
	at org.testng.internal.TestMethodWorker.run(TestMethodWorker.java:111)
	at org.testng.TestRunner.privateRun(TestRunner.java:767)
	at org.testng.TestRunner.run(TestRunner.java:617)
	at org.testng.SuiteRunner.runTest(SuiteRunner.java:334)
	at org.testng.SuiteRunner.runSequentially(SuiteRunner.java:329)
	at org.testng.SuiteRunner.privateRun(SuiteRunner.java:291)
	at org.testng.SuiteRunner.run(SuiteRunner.java:240)
	at org.testng.SuiteRunnerWorker.runSuite(SuiteRunnerWorker.java:52)
	at org.testng.SuiteRunnerWorker.run(SuiteRunnerWorker.java:86)
	at org.testng.TestNG.runSuitesSequentially(TestNG.java:1224)
	at org.testng.TestNG.runSuitesLocally(TestNG.java:1149)
	at org.testng.TestNG.run(TestNG.java:1057)
	at org.testng.remote.RemoteTestNG.run(RemoteTestNG.java:111)
	at org.testng.remote.RemoteTestNG.initAndRun(RemoteTestNG.java:204)
	at org.testng.remote.RemoteTestNG.main(RemoteTestNG.java:175)
]]>
    </error>
  </testcase> <!-- addVideo -->
  <testcase name="clickAddVideo" time="4.259" classname="tests.AddVideoSeparateMethodsTest"/>
  <testcase name="expandContributeDropdown" time="0.379" classname="tests.AddVideoSeparateMethodsTest"/>
  <testcase name="verifyVideoTitle" time="0.057" classname="tests.AddVideoSeparateMethodsTest"/>
</testsuite> <!-- tests.AddVideoSeparateMethodsTest -->
